mkdir .libs
 gcc -I. -I/var/www/html/utils/ext -DPHP_ATOM_INC -I/var/www/html/utils/ext/include -I/var/www/html/utils/ext/main -I/var/www/html/utils/ext -I/usr/local/include/php -I/usr/local/include/php/main -I/usr/local/include/php/TSRM -I/usr/local/include/php/Zend -I/usr/local/include/php/ext -I/usr/local/include/php/ext/date/lib -DHAVE_CONFIG_H -O2 -fvisibility=hidden -Wparentheses -flto -DZEPHIR_RELEASE=1 -c /var/www/html/utils/ext/utils.c  -fPIC -DPIC -o .libs/utils.o
mkdir kernel/.libs
 gcc -I. -I/var/www/html/utils/ext -DPHP_ATOM_INC -I/var/www/html/utils/ext/include -I/var/www/html/utils/ext/main -I/var/www/html/utils/ext -I/usr/local/include/php -I/usr/local/include/php/main -I/usr/local/include/php/TSRM -I/usr/local/include/php/Zend -I/usr/local/include/php/ext -I/usr/local/include/php/ext/date/lib -DHAVE_CONFIG_H -O2 -fvisibility=hidden -Wparentheses -flto -DZEPHIR_RELEASE=1 -c /var/www/html/utils/ext/kernel/main.c  -fPIC -DPIC -o kernel/.libs/main.o
 gcc -I. -I/var/www/html/utils/ext -DPHP_ATOM_INC -I/var/www/html/utils/ext/include -I/var/www/html/utils/ext/main -I/var/www/html/utils/ext -I/usr/local/include/php -I/usr/local/include/php/main -I/usr/local/include/php/TSRM -I/usr/local/include/php/Zend -I/usr/local/include/php/ext -I/usr/local/include/php/ext/date/lib -DHAVE_CONFIG_H -O2 -fvisibility=hidden -Wparentheses -flto -DZEPHIR_RELEASE=1 -c /var/www/html/utils/ext/kernel/memory.c  -fPIC -DPIC -o kernel/.libs/memory.o
 gcc -I. -I/var/www/html/utils/ext -DPHP_ATOM_INC -I/var/www/html/utils/ext/include -I/var/www/html/utils/ext/main -I/var/www/html/utils/ext -I/usr/local/include/php -I/usr/local/include/php/main -I/usr/local/include/php/TSRM -I/usr/local/include/php/Zend -I/usr/local/include/php/ext -I/usr/local/include/php/ext/date/lib -DHAVE_CONFIG_H -O2 -fvisibility=hidden -Wparentheses -flto -DZEPHIR_RELEASE=1 -c /var/www/html/utils/ext/kernel/exception.c  -fPIC -DPIC -o kernel/.libs/exception.o
 gcc -I. -I/var/www/html/utils/ext -DPHP_ATOM_INC -I/var/www/html/utils/ext/include -I/var/www/html/utils/ext/main -I/var/www/html/utils/ext -I/usr/local/include/php -I/usr/local/include/php/main -I/usr/local/include/php/TSRM -I/usr/local/include/php/Zend -I/usr/local/include/php/ext -I/usr/local/include/php/ext/date/lib -DHAVE_CONFIG_H -O2 -fvisibility=hidden -Wparentheses -flto -DZEPHIR_RELEASE=1 -c /var/www/html/utils/ext/kernel/debug.c  -fPIC -DPIC -o kernel/.libs/debug.o
 gcc -I. -I/var/www/html/utils/ext -DPHP_ATOM_INC -I/var/www/html/utils/ext/include -I/var/www/html/utils/ext/main -I/var/www/html/utils/ext -I/usr/local/include/php -I/usr/local/include/php/main -I/usr/local/include/php/TSRM -I/usr/local/include/php/Zend -I/usr/local/include/php/ext -I/usr/local/include/php/ext/date/lib -DHAVE_CONFIG_H -O2 -fvisibility=hidden -Wparentheses -flto -DZEPHIR_RELEASE=1 -c /var/www/html/utils/ext/kernel/backtrace.c  -fPIC -DPIC -o kernel/.libs/backtrace.o
 gcc -I. -I/var/www/html/utils/ext -DPHP_ATOM_INC -I/var/www/html/utils/ext/include -I/var/www/html/utils/ext/main -I/var/www/html/utils/ext -I/usr/local/include/php -I/usr/local/include/php/main -I/usr/local/include/php/TSRM -I/usr/local/include/php/Zend -I/usr/local/include/php/ext -I/usr/local/include/php/ext/date/lib -DHAVE_CONFIG_H -O2 -fvisibility=hidden -Wparentheses -flto -DZEPHIR_RELEASE=1 -c /var/www/html/utils/ext/kernel/object.c  -fPIC -DPIC -o kernel/.libs/object.o
 gcc -I. -I/var/www/html/utils/ext -DPHP_ATOM_INC -I/var/www/html/utils/ext/include -I/var/www/html/utils/ext/main -I/var/www/html/utils/ext -I/usr/local/include/php -I/usr/local/include/php/main -I/usr/local/include/php/TSRM -I/usr/local/include/php/Zend -I/usr/local/include/php/ext -I/usr/local/include/php/ext/date/lib -DHAVE_CONFIG_H -O2 -fvisibility=hidden -Wparentheses -flto -DZEPHIR_RELEASE=1 -c /var/www/html/utils/ext/kernel/array.c  -fPIC -DPIC -o kernel/.libs/array.o
 gcc -I. -I/var/www/html/utils/ext -DPHP_ATOM_INC -I/var/www/html/utils/ext/include -I/var/www/html/utils/ext/main -I/var/www/html/utils/ext -I/usr/local/include/php -I/usr/local/include/php/main -I/usr/local/include/php/TSRM -I/usr/local/include/php/Zend -I/usr/local/include/php/ext -I/usr/local/include/php/ext/date/lib -DHAVE_CONFIG_H -O2 -fvisibility=hidden -Wparentheses -flto -DZEPHIR_RELEASE=1 -c /var/www/html/utils/ext/kernel/string.c  -fPIC -DPIC -o kernel/.libs/string.o
 gcc -I. -I/var/www/html/utils/ext -DPHP_ATOM_INC -I/var/www/html/utils/ext/include -I/var/www/html/utils/ext/main -I/var/www/html/utils/ext -I/usr/local/include/php -I/usr/local/include/php/main -I/usr/local/include/php/TSRM -I/usr/local/include/php/Zend -I/usr/local/include/php/ext -I/usr/local/include/php/ext/date/lib -DHAVE_CONFIG_H -O2 -fvisibility=hidden -Wparentheses -flto -DZEPHIR_RELEASE=1 -c /var/www/html/utils/ext/kernel/fcall.c  -fPIC -DPIC -o kernel/.libs/fcall.o
 gcc -I. -I/var/www/html/utils/ext -DPHP_ATOM_INC -I/var/www/html/utils/ext/include -I/var/www/html/utils/ext/main -I/var/www/html/utils/ext -I/usr/local/include/php -I/usr/local/include/php/main -I/usr/local/include/php/TSRM -I/usr/local/include/php/Zend -I/usr/local/include/php/ext -I/usr/local/include/php/ext/date/lib -DHAVE_CONFIG_H -O2 -fvisibility=hidden -Wparentheses -flto -DZEPHIR_RELEASE=1 -c /var/www/html/utils/ext/kernel/require.c  -fPIC -DPIC -o kernel/.libs/require.o
 gcc -I. -I/var/www/html/utils/ext -DPHP_ATOM_INC -I/var/www/html/utils/ext/include -I/var/www/html/utils/ext/main -I/var/www/html/utils/ext -I/usr/local/include/php -I/usr/local/include/php/main -I/usr/local/include/php/TSRM -I/usr/local/include/php/Zend -I/usr/local/include/php/ext -I/usr/local/include/php/ext/date/lib -DHAVE_CONFIG_H -O2 -fvisibility=hidden -Wparentheses -flto -DZEPHIR_RELEASE=1 -c /var/www/html/utils/ext/kernel/file.c  -fPIC -DPIC -o kernel/.libs/file.o
 gcc -I. -I/var/www/html/utils/ext -DPHP_ATOM_INC -I/var/www/html/utils/ext/include -I/var/www/html/utils/ext/main -I/var/www/html/utils/ext -I/usr/local/include/php -I/usr/local/include/php/main -I/usr/local/include/php/TSRM -I/usr/local/include/php/Zend -I/usr/local/include/php/ext -I/usr/local/include/php/ext/date/lib -DHAVE_CONFIG_H -O2 -fvisibility=hidden -Wparentheses -flto -DZEPHIR_RELEASE=1 -c /var/www/html/utils/ext/kernel/operators.c  -fPIC -DPIC -o kernel/.libs/operators.o
 gcc -I. -I/var/www/html/utils/ext -DPHP_ATOM_INC -I/var/www/html/utils/ext/include -I/var/www/html/utils/ext/main -I/var/www/html/utils/ext -I/usr/local/include/php -I/usr/local/include/php/main -I/usr/local/include/php/TSRM -I/usr/local/include/php/Zend -I/usr/local/include/php/ext -I/usr/local/include/php/ext/date/lib -DHAVE_CONFIG_H -O2 -fvisibility=hidden -Wparentheses -flto -DZEPHIR_RELEASE=1 -c /var/www/html/utils/ext/kernel/math.c  -fPIC -DPIC -o kernel/.libs/math.o
 gcc -I. -I/var/www/html/utils/ext -DPHP_ATOM_INC -I/var/www/html/utils/ext/include -I/var/www/html/utils/ext/main -I/var/www/html/utils/ext -I/usr/local/include/php -I/usr/local/include/php/main -I/usr/local/include/php/TSRM -I/usr/local/include/php/Zend -I/usr/local/include/php/ext -I/usr/local/include/php/ext/date/lib -DHAVE_CONFIG_H -O2 -fvisibility=hidden -Wparentheses -flto -DZEPHIR_RELEASE=1 -c /var/www/html/utils/ext/kernel/concat.c  -fPIC -DPIC -o kernel/.libs/concat.o
 gcc -I. -I/var/www/html/utils/ext -DPHP_ATOM_INC -I/var/www/html/utils/ext/include -I/var/www/html/utils/ext/main -I/var/www/html/utils/ext -I/usr/local/include/php -I/usr/local/include/php/main -I/usr/local/include/php/TSRM -I/usr/local/include/php/Zend -I/usr/local/include/php/ext -I/usr/local/include/php/ext/date/lib -DHAVE_CONFIG_H -O2 -fvisibility=hidden -Wparentheses -flto -DZEPHIR_RELEASE=1 -c /var/www/html/utils/ext/kernel/variables.c  -fPIC -DPIC -o kernel/.libs/variables.o
 gcc -I. -I/var/www/html/utils/ext -DPHP_ATOM_INC -I/var/www/html/utils/ext/include -I/var/www/html/utils/ext/main -I/var/www/html/utils/ext -I/usr/local/include/php -I/usr/local/include/php/main -I/usr/local/include/php/TSRM -I/usr/local/include/php/Zend -I/usr/local/include/php/ext -I/usr/local/include/php/ext/date/lib -DHAVE_CONFIG_H -O2 -fvisibility=hidden -Wparentheses -flto -DZEPHIR_RELEASE=1 -c /var/www/html/utils/ext/kernel/filter.c  -fPIC -DPIC -o kernel/.libs/filter.o
 gcc -I. -I/var/www/html/utils/ext -DPHP_ATOM_INC -I/var/www/html/utils/ext/include -I/var/www/html/utils/ext/main -I/var/www/html/utils/ext -I/usr/local/include/php -I/usr/local/include/php/main -I/usr/local/include/php/TSRM -I/usr/local/include/php/Zend -I/usr/local/include/php/ext -I/usr/local/include/php/ext/date/lib -DHAVE_CONFIG_H -O2 -fvisibility=hidden -Wparentheses -flto -DZEPHIR_RELEASE=1 -c /var/www/html/utils/ext/kernel/iterator.c  -fPIC -DPIC -o kernel/.libs/iterator.o
 gcc -I. -I/var/www/html/utils/ext -DPHP_ATOM_INC -I/var/www/html/utils/ext/include -I/var/www/html/utils/ext/main -I/var/www/html/utils/ext -I/usr/local/include/php -I/usr/local/include/php/main -I/usr/local/include/php/TSRM -I/usr/local/include/php/Zend -I/usr/local/include/php/ext -I/usr/local/include/php/ext/date/lib -DHAVE_CONFIG_H -O2 -fvisibility=hidden -Wparentheses -flto -DZEPHIR_RELEASE=1 -c /var/www/html/utils/ext/kernel/time.c  -fPIC -DPIC -o kernel/.libs/time.o
 gcc -I. -I/var/www/html/utils/ext -DPHP_ATOM_INC -I/var/www/html/utils/ext/include -I/var/www/html/utils/ext/main -I/var/www/html/utils/ext -I/usr/local/include/php -I/usr/local/include/php/main -I/usr/local/include/php/TSRM -I/usr/local/include/php/Zend -I/usr/local/include/php/ext -I/usr/local/include/php/ext/date/lib -DHAVE_CONFIG_H -O2 -fvisibility=hidden -Wparentheses -flto -DZEPHIR_RELEASE=1 -c /var/www/html/utils/ext/kernel/exit.c  -fPIC -DPIC -o kernel/.libs/exit.o
mkdir utils/.libs
 gcc -I. -I/var/www/html/utils/ext -DPHP_ATOM_INC -I/var/www/html/utils/ext/include -I/var/www/html/utils/ext/main -I/var/www/html/utils/ext -I/usr/local/include/php -I/usr/local/include/php/main -I/usr/local/include/php/TSRM -I/usr/local/include/php/Zend -I/usr/local/include/php/ext -I/usr/local/include/php/ext/date/lib -DHAVE_CONFIG_H -O2 -fvisibility=hidden -Wparentheses -flto -DZEPHIR_RELEASE=1 -c /var/www/html/utils/ext/utils/greeting.zep.c  -fPIC -DPIC -o utils/.libs/greeting.o
gcc -shared  .libs/utils.o kernel/.libs/main.o kernel/.libs/memory.o kernel/.libs/exception.o kernel/.libs/debug.o kernel/.libs/backtrace.o kernel/.libs/object.o kernel/.libs/array.o kernel/.libs/string.o kernel/.libs/fcall.o kernel/.libs/require.o kernel/.libs/file.o kernel/.libs/operators.o kernel/.libs/math.o kernel/.libs/concat.o kernel/.libs/variables.o kernel/.libs/filter.o kernel/.libs/iterator.o kernel/.libs/time.o kernel/.libs/exit.o utils/.libs/greeting.o   -Wl,-soname -Wl,utils.so -o .libs/utils.so
creating utils.la
(cd .libs && rm -f utils.la && ln -s ../utils.la utils.la)
cp ./.libs/utils.so /var/www/html/utils/ext/modules/utils.so
cp ./.libs/utils.lai /var/www/html/utils/ext/modules/utils.la
PATH="$PATH:/sbin" ldconfig -n /var/www/html/utils/ext/modules
----------------------------------------------------------------------
Libraries have been installed in:
   /var/www/html/utils/ext/modules

If you ever happen to want to link against installed libraries
in a given directory, LIBDIR, you must either use libtool, and
specify the full pathname of the library, or use the `-LLIBDIR'
flag during linking and do at least one of the following:
   - add LIBDIR to the `LD_LIBRARY_PATH' environment variable
     during execution
   - add LIBDIR to the `LD_RUN_PATH' environment variable
     during linking
   - use the `-Wl,--rpath -Wl,LIBDIR' linker flag
   - have your system administrator add LIBDIR to `/etc/ld.so.conf'

See any operating system documentation about shared libraries for
more information, such as the ld(1) and ld.so(8) manual pages.
----------------------------------------------------------------------

Build complete.
Don't forget to run 'make test'.


Build complete.
Don't forget to run 'make test'.

Installing shared extensions:     /usr/local/lib/php/extensions/no-debug-non-zts-20170718/
Installing header files:          /usr/local/include/php/
